  [1m[35m (210.9ms)[0m  [1m[35mCREATE TABLE "schema_migrations" ("version" character varying NOT NULL PRIMARY KEY)[0m
  [1m[35m (19.8ms)[0m  [1m[35mCREATE TABLE "ar_internal_metadata" ("key" character varying NOT NULL PRIMARY KEY, "value" character varying, "created_at" timestamp NOT NULL, "updated_at" timestamp NOT NULL)[0m
  [1m[35m (5.1ms)[0m  [1m[34mSELECT pg_try_advisory_lock(540613454722062960)[0m
  [1m[35m (1.5ms)[0m  [1m[34mSELECT "schema_migrations"."version" FROM "schema_migrations" ORDER BY "schema_migrations"."version" ASC[0m
Migrating to CreateUsers (20180713175924)
  [1m[35m (0.3ms)[0m  [1m[35mBEGIN[0m
  [1m[35m (55.4ms)[0m  [1m[35mCREATE TABLE "users" ("id" bigserial primary key, "username" character varying, "password_digest" character varying NOT NULL, "session_token" character varying, "created_at" timestamp NOT NULL, "updated_at" timestamp NOT NULL)[0m
  [1m[35m (3.4ms)[0m  [1m[31mROLLBACK[0m
  [1m[35m (0.6ms)[0m  [1m[34mSELECT pg_advisory_unlock(540613454722062960)[0m
  [1m[35m (0.3ms)[0m  [1m[34mSELECT pg_try_advisory_lock(540613454722062960)[0m
  [1m[35m (1.0ms)[0m  [1m[34mSELECT "schema_migrations"."version" FROM "schema_migrations" ORDER BY "schema_migrations"."version" ASC[0m
Migrating to CreateUsers (20180713175924)
  [1m[35m (0.3ms)[0m  [1m[35mBEGIN[0m
  [1m[35m (7.7ms)[0m  [1m[35mCREATE TABLE "users" ("id" bigserial primary key, "username" character varying NOT NULL, "password_digest" character varying NOT NULL, "session_token" character varying NOT NULL, "created_at" timestamp NOT NULL, "updated_at" timestamp NOT NULL)[0m
  [1m[35m (1.8ms)[0m  [1m[35mCREATE UNIQUE INDEX  "index_users_on_session_token" ON "users"  ("session_token")[0m
  [1m[35m (1.2ms)[0m  [1m[35mCREATE UNIQUE INDEX  "index_users_on_username" ON "users"  ("username")[0m
  [1m[35mSQL (0.7ms)[0m  [1m[32mINSERT INTO "schema_migrations" ("version") VALUES ($1) RETURNING "version"[0m  [["version", "20180713175924"]]
  [1m[35m (0.6ms)[0m  [1m[35mCOMMIT[0m
  [1m[36mActiveRecord::InternalMetadata Load (7.7ms)[0m  [1m[34mSELECT  "ar_internal_metadata".* FROM "ar_internal_metadata" WHERE "ar_internal_metadata"."key" = $1 LIMIT $2[0m  [["key", "environment"], ["LIMIT", 1]]
  [1m[35m (0.3ms)[0m  [1m[35mBEGIN[0m
  [1m[35mSQL (1.3ms)[0m  [1m[32mINSERT INTO "ar_internal_metadata" ("key", "value", "created_at", "updated_at") VALUES ($1, $2, $3, $4) RETURNING "key"[0m  [["key", "environment"], ["value", "development"], ["created_at", "2018-07-13 18:07:01.284335"], ["updated_at", "2018-07-13 18:07:01.284335"]]
  [1m[35m (0.8ms)[0m  [1m[35mCOMMIT[0m
  [1m[35m (0.3ms)[0m  [1m[34mSELECT pg_advisory_unlock(540613454722062960)[0m
  [1m[35m (0.6ms)[0m  [1m[34mSELECT "schema_migrations"."version" FROM "schema_migrations" ORDER BY "schema_migrations"."version" ASC[0m
Started GET "/cats" for 127.0.0.1 at 2018-07-13 11:49:43 -0700
  [1m[35m (1.1ms)[0m  [1m[34mSELECT "schema_migrations"."version" FROM "schema_migrations" ORDER BY "schema_migrations"."version" ASC[0m
  
ActionController::RoutingError (No route matches [GET] "/cats"):
  
actionpack (5.1.6) lib/action_dispatch/middleware/debug_exceptions.rb:63:in `call'
web-console (3.6.2) lib/web_console/middleware.rb:135:in `call_app'
web-console (3.6.2) lib/web_console/middleware.rb:30:in `block in call'
web-console (3.6.2) lib/web_console/middleware.rb:20:in `catch'
web-console (3.6.2) lib/web_console/middleware.rb:20:in `call'
actionpack (5.1.6) lib/action_dispatch/middleware/show_exceptions.rb:31:in `call'
railties (5.1.6) lib/rails/rack/logger.rb:36:in `call_app'
railties (5.1.6) lib/rails/rack/logger.rb:24:in `block in call'
activesupport (5.1.6) lib/active_support/tagged_logging.rb:69:in `block in tagged'
activesupport (5.1.6) lib/active_support/tagged_logging.rb:26:in `tagged'
activesupport (5.1.6) lib/active_support/tagged_logging.rb:69:in `tagged'
railties (5.1.6) lib/rails/rack/logger.rb:24:in `call'
sprockets-rails (3.2.1) lib/sprockets/rails/quiet_assets.rb:13:in `call'
actionpack (5.1.6) lib/action_dispatch/middleware/remote_ip.rb:79:in `call'
actionpack (5.1.6) lib/action_dispatch/middleware/request_id.rb:25:in `call'
rack (2.0.5) lib/rack/method_override.rb:22:in `call'
rack (2.0.5) lib/rack/runtime.rb:22:in `call'
activesupport (5.1.6) lib/active_support/cache/strategy/local_cache_middleware.rb:27:in `call'
actionpack (5.1.6) lib/action_dispatch/middleware/executor.rb:12:in `call'
actionpack (5.1.6) lib/action_dispatch/middleware/static.rb:125:in `call'
rack (2.0.5) lib/rack/sendfile.rb:111:in `call'
railties (5.1.6) lib/rails/engine.rb:522:in `call'
puma (3.12.0) lib/puma/configuration.rb:225:in `call'
puma (3.12.0) lib/puma/server.rb:658:in `handle_request'
puma (3.12.0) lib/puma/server.rb:472:in `process_client'
puma (3.12.0) lib/puma/server.rb:332:in `block in run'
puma (3.12.0) lib/puma/thread_pool.rb:133:in `block in spawn_thread'
Started GET "/users/new" for 127.0.0.1 at 2018-07-13 11:49:49 -0700
Processing by UsersController#new as HTML
Completed 500 Internal Server Error in 34ms (ActiveRecord: 0.0ms)


  
ArgumentError (Range unspecified. Specify the :in, :within, :maximum, :minimum, or :is option.):
  
app/models/user.rb:4:in `<class:User>'
app/models/user.rb:1:in `<top (required)>'
app/controllers/users_controller.rb:4:in `new'
Started GET "/users/new" for 127.0.0.1 at 2018-07-13 11:50:19 -0700
Processing by UsersController#new as HTML
  Rendering users/new.html.erb within layouts/application
  Rendered users/new.html.erb within layouts/application (1.4ms)
Completed 200 OK in 500ms (Views: 477.0ms | ActiveRecord: 7.5ms)


Started GET "/users/new" for 127.0.0.1 at 2018-07-13 11:51:06 -0700
Processing by UsersController#new as HTML
  Rendering users/new.html.erb within layouts/application
  Rendered users/new.html.erb within layouts/application (1.0ms)
Completed 200 OK in 152ms (Views: 105.9ms | ActiveRecord: 0.0ms)


Started POST "/users" for 127.0.0.1 at 2018-07-13 11:53:08 -0700
Processing by UsersController#create as HTML
  Parameters: {"user"=>{"username"=>"ti@ti.io", "password"=>"[FILTERED]"}}
Can't verify CSRF token authenticity.
Completed 422 Unprocessable Entity in 1ms (ActiveRecord: 0.0ms)


  
ActionController::InvalidAuthenticityToken (ActionController::InvalidAuthenticityToken):
  
actionpack (5.1.6) lib/action_controller/metal/request_forgery_protection.rb:195:in `handle_unverified_request'
actionpack (5.1.6) lib/action_controller/metal/request_forgery_protection.rb:227:in `handle_unverified_request'
actionpack (5.1.6) lib/action_controller/metal/request_forgery_protection.rb:222:in `verify_authenticity_token'
activesupport (5.1.6) lib/active_support/callbacks.rb:413:in `block in make_lambda'
activesupport (5.1.6) lib/active_support/callbacks.rb:197:in `block (2 levels) in halting'
actionpack (5.1.6) lib/abstract_controller/callbacks.rb:12:in `block (2 levels) in <module:Callbacks>'
activesupport (5.1.6) lib/active_support/callbacks.rb:198:in `block in halting'
activesupport (5.1.6) lib/active_support/callbacks.rb:507:in `block in invoke_before'
activesupport (5.1.6) lib/active_support/callbacks.rb:507:in `each'
activesupport (5.1.6) lib/active_support/callbacks.rb:507:in `invoke_before'
activesupport (5.1.6) lib/active_support/callbacks.rb:130:in `run_callbacks'
actionpack (5.1.6) lib/abstract_controller/callbacks.rb:19:in `process_action'
actionpack (5.1.6) lib/action_controller/metal/rescue.rb:20:in `process_action'
actionpack (5.1.6) lib/action_controller/metal/instrumentation.rb:32:in `block in process_action'
activesupport (5.1.6) lib/active_support/notifications.rb:166:in `block in instrument'
activesupport (5.1.6) lib/active_support/notifications/instrumenter.rb:21:in `instrument'
activesupport (5.1.6) lib/active_support/notifications.rb:166:in `instrument'
actionpack (5.1.6) lib/action_controller/metal/instrumentation.rb:30:in `process_action'
actionpack (5.1.6) lib/action_controller/metal/params_wrapper.rb:252:in `process_action'
activerecord (5.1.6) lib/active_record/railties/controller_runtime.rb:22:in `process_action'
actionpack (5.1.6) lib/abstract_controller/base.rb:124:in `process'
actionview (5.1.6) lib/action_view/rendering.rb:30:in `process'
actionpack (5.1.6) lib/action_controller/metal.rb:189:in `dispatch'
actionpack (5.1.6) lib/action_controller/metal.rb:253:in `dispatch'
actionpack (5.1.6) lib/action_dispatch/routing/route_set.rb:49:in `dispatch'
actionpack (5.1.6) lib/action_dispatch/routing/route_set.rb:31:in `serve'
actionpack (5.1.6) lib/action_dispatch/journey/router.rb:50:in `block in serve'
actionpack (5.1.6) lib/action_dispatch/journey/router.rb:33:in `each'
actionpack (5.1.6) lib/action_dispatch/journey/router.rb:33:in `serve'
actionpack (5.1.6) lib/action_dispatch/routing/route_set.rb:844:in `call'
rack (2.0.5) lib/rack/etag.rb:25:in `call'
rack (2.0.5) lib/rack/conditional_get.rb:38:in `call'
rack (2.0.5) lib/rack/head.rb:12:in `call'
rack (2.0.5) lib/rack/session/abstract/id.rb:232:in `context'
rack (2.0.5) lib/rack/session/abstract/id.rb:226:in `call'
actionpack (5.1.6) lib/action_dispatch/middleware/cookies.rb:613:in `call'
activerecord (5.1.6) lib/active_record/migration.rb:556:in `call'
actionpack (5.1.6) lib/action_dispatch/middleware/callbacks.rb:26:in `block in call'
activesupport (5.1.6) lib/active_support/callbacks.rb:97:in `run_callbacks'
actionpack (5.1.6) lib/action_dispatch/middleware/callbacks.rb:24:in `call'
actionpack (5.1.6) lib/action_dispatch/middleware/executor.rb:12:in `call'
actionpack (5.1.6) lib/action_dispatch/middleware/debug_exceptions.rb:59:in `call'
web-console (3.6.2) lib/web_console/middleware.rb:135:in `call_app'
web-console (3.6.2) lib/web_console/middleware.rb:30:in `block in call'
web-console (3.6.2) lib/web_console/middleware.rb:20:in `catch'
web-console (3.6.2) lib/web_console/middleware.rb:20:in `call'
actionpack (5.1.6) lib/action_dispatch/middleware/show_exceptions.rb:31:in `call'
railties (5.1.6) lib/rails/rack/logger.rb:36:in `call_app'
railties (5.1.6) lib/rails/rack/logger.rb:24:in `block in call'
activesupport (5.1.6) lib/active_support/tagged_logging.rb:69:in `block in tagged'
activesupport (5.1.6) lib/active_support/tagged_logging.rb:26:in `tagged'
activesupport (5.1.6) lib/active_support/tagged_logging.rb:69:in `tagged'
railties (5.1.6) lib/rails/rack/logger.rb:24:in `call'
sprockets-rails (3.2.1) lib/sprockets/rails/quiet_assets.rb:13:in `call'
actionpack (5.1.6) lib/action_dispatch/middleware/remote_ip.rb:79:in `call'
actionpack (5.1.6) lib/action_dispatch/middleware/request_id.rb:25:in `call'
rack (2.0.5) lib/rack/method_override.rb:22:in `call'
rack (2.0.5) lib/rack/runtime.rb:22:in `call'
activesupport (5.1.6) lib/active_support/cache/strategy/local_cache_middleware.rb:27:in `call'
actionpack (5.1.6) lib/action_dispatch/middleware/executor.rb:12:in `call'
actionpack (5.1.6) lib/action_dispatch/middleware/static.rb:125:in `call'
rack (2.0.5) lib/rack/sendfile.rb:111:in `call'
railties (5.1.6) lib/rails/engine.rb:522:in `call'
puma (3.12.0) lib/puma/configuration.rb:225:in `call'
puma (3.12.0) lib/puma/server.rb:658:in `handle_request'
puma (3.12.0) lib/puma/server.rb:472:in `process_client'
puma (3.12.0) lib/puma/server.rb:332:in `block in run'
puma (3.12.0) lib/puma/thread_pool.rb:133:in `block in spawn_thread'
Started GET "/users/new" for 127.0.0.1 at 2018-07-13 12:01:01 -0700
Processing by UsersController#new as HTML
  Rendering users/new.html.erb within layouts/application
  Rendered users/new.html.erb within layouts/application (1.5ms)
Completed 200 OK in 134ms (Views: 130.0ms | ActiveRecord: 0.0ms)


Started POST "/users" for 127.0.0.1 at 2018-07-13 12:01:09 -0700
Processing by UsersController#create as HTML
  Parameters: {"authenticity_token"=>"J6NP8c2TQHWn63/OEsSg3Kk9zFhHpwLQmaPjks9THGgV+Qe8CtVSsMu45Vwq0d2iZpwlouSv3UaVvAztk4WZ8Q==", "user"=>{"username"=>"ti", "password"=>"[FILTERED]"}}
Completed 500 Internal Server Error in 5ms (ActiveRecord: 0.0ms)


  
NameError (uninitialized constant User::BCrypt):
  
app/models/user.rb:17:in `password='
app/controllers/users_controller.rb:9:in `create'
Started GET "/users" for 127.0.0.1 at 2018-07-13 12:03:33 -0700
  
ActionController::RoutingError (No route matches [GET] "/users"):
  
actionpack (5.1.6) lib/action_dispatch/middleware/debug_exceptions.rb:63:in `call'
web-console (3.6.2) lib/web_console/middleware.rb:135:in `call_app'
web-console (3.6.2) lib/web_console/middleware.rb:30:in `block in call'
web-console (3.6.2) lib/web_console/middleware.rb:20:in `catch'
web-console (3.6.2) lib/web_console/middleware.rb:20:in `call'
actionpack (5.1.6) lib/action_dispatch/middleware/show_exceptions.rb:31:in `call'
railties (5.1.6) lib/rails/rack/logger.rb:36:in `call_app'
railties (5.1.6) lib/rails/rack/logger.rb:24:in `block in call'
activesupport (5.1.6) lib/active_support/tagged_logging.rb:69:in `block in tagged'
activesupport (5.1.6) lib/active_support/tagged_logging.rb:26:in `tagged'
activesupport (5.1.6) lib/active_support/tagged_logging.rb:69:in `tagged'
railties (5.1.6) lib/rails/rack/logger.rb:24:in `call'
sprockets-rails (3.2.1) lib/sprockets/rails/quiet_assets.rb:13:in `call'
actionpack (5.1.6) lib/action_dispatch/middleware/remote_ip.rb:79:in `call'
actionpack (5.1.6) lib/action_dispatch/middleware/request_id.rb:25:in `call'
rack (2.0.5) lib/rack/method_override.rb:22:in `call'
rack (2.0.5) lib/rack/runtime.rb:22:in `call'
activesupport (5.1.6) lib/active_support/cache/strategy/local_cache_middleware.rb:27:in `call'
actionpack (5.1.6) lib/action_dispatch/middleware/executor.rb:12:in `call'
actionpack (5.1.6) lib/action_dispatch/middleware/static.rb:125:in `call'
rack (2.0.5) lib/rack/sendfile.rb:111:in `call'
railties (5.1.6) lib/rails/engine.rb:522:in `call'
puma (3.12.0) lib/puma/configuration.rb:225:in `call'
puma (3.12.0) lib/puma/server.rb:658:in `handle_request'
puma (3.12.0) lib/puma/server.rb:472:in `process_client'
puma (3.12.0) lib/puma/server.rb:332:in `block in run'
puma (3.12.0) lib/puma/thread_pool.rb:133:in `block in spawn_thread'
Started GET "/users/new" for 127.0.0.1 at 2018-07-13 12:03:39 -0700
Processing by UsersController#new as HTML
  Rendering users/new.html.erb within layouts/application
  Rendered users/new.html.erb within layouts/application (0.7ms)
Completed 200 OK in 79ms (Views: 78.1ms | ActiveRecord: 0.0ms)


Started POST "/users" for 127.0.0.1 at 2018-07-13 12:03:43 -0700
Processing by UsersController#create as HTML
  Parameters: {"authenticity_token"=>"TNCEqAUTprV/Ys1ygsEEJX9JUn56GXGOXQG76s8LklZ+iszlwlW0cBMxV+C61HlbsOi7hNkRrhhRHlSVk90Xzw==", "user"=>{"username"=>"ti", "password"=>"[FILTERED]"}}
Completed 500 Internal Server Error in 3ms (ActiveRecord: 0.0ms)


  
NameError (uninitialized constant User::BCrypt):
  
app/models/user.rb:17:in `password='
app/controllers/users_controller.rb:9:in `create'
Started GET "/users/new" for 127.0.0.1 at 2018-07-13 12:04:29 -0700
Processing by UsersController#new as HTML
Completed 500 Internal Server Error in 5ms (ActiveRecord: 0.0ms)


  
LoadError (cannot load such file -- bcrypt):
  
app/models/user.rb:1:in `<top (required)>'
app/controllers/users_controller.rb:4:in `new'
Started GET "/users/new" for 127.0.0.1 at 2018-07-13 12:04:40 -0700
Processing by UsersController#new as HTML
Completed 500 Internal Server Error in 5ms (ActiveRecord: 0.0ms)


  
LoadError (cannot load such file -- BCrypt):
  
app/models/user.rb:1:in `<top (required)>'
app/controllers/users_controller.rb:4:in `new'
Started GET "/users/new" for 127.0.0.1 at 2018-07-13 12:05:18 -0700
Processing by UsersController#new as HTML
  Rendering users/new.html.erb within layouts/application
  Rendered users/new.html.erb within layouts/application (0.8ms)
Completed 200 OK in 100ms (Views: 48.7ms | ActiveRecord: 9.9ms)


Started POST "/users" for 127.0.0.1 at 2018-07-13 12:05:21 -0700
Processing by UsersController#create as HTML
  Parameters: {"authenticity_token"=>"xSJIH9SeJr91fmnJJC3EdmV1FHdWVWrxJUEO1pbqGuv3eABSE9g0ehkt81scOLkIqtT9jfVdtWcpXuGpyjyfcg==", "user"=>{"username"=>"ti", "password"=>"[FILTERED]"}}
Completed 500 Internal Server Error in 3ms (ActiveRecord: 0.0ms)


  
NameError (uninitialized constant User::BCrypt):
  
app/models/user.rb:18:in `password='
app/controllers/users_controller.rb:9:in `create'
Started GET "/users" for 127.0.0.1 at 2018-07-13 12:09:43 -0700
  [1m[35m (18.2ms)[0m  [1m[34mSELECT "schema_migrations"."version" FROM "schema_migrations" ORDER BY "schema_migrations"."version" ASC[0m
  
ActionController::RoutingError (No route matches [GET] "/users"):
  
actionpack (5.1.6) lib/action_dispatch/middleware/debug_exceptions.rb:63:in `call'
web-console (3.6.2) lib/web_console/middleware.rb:135:in `call_app'
web-console (3.6.2) lib/web_console/middleware.rb:30:in `block in call'
web-console (3.6.2) lib/web_console/middleware.rb:20:in `catch'
web-console (3.6.2) lib/web_console/middleware.rb:20:in `call'
actionpack (5.1.6) lib/action_dispatch/middleware/show_exceptions.rb:31:in `call'
railties (5.1.6) lib/rails/rack/logger.rb:36:in `call_app'
railties (5.1.6) lib/rails/rack/logger.rb:24:in `block in call'
activesupport (5.1.6) lib/active_support/tagged_logging.rb:69:in `block in tagged'
activesupport (5.1.6) lib/active_support/tagged_logging.rb:26:in `tagged'
activesupport (5.1.6) lib/active_support/tagged_logging.rb:69:in `tagged'
railties (5.1.6) lib/rails/rack/logger.rb:24:in `call'
sprockets-rails (3.2.1) lib/sprockets/rails/quiet_assets.rb:13:in `call'
actionpack (5.1.6) lib/action_dispatch/middleware/remote_ip.rb:79:in `call'
actionpack (5.1.6) lib/action_dispatch/middleware/request_id.rb:25:in `call'
rack (2.0.5) lib/rack/method_override.rb:22:in `call'
rack (2.0.5) lib/rack/runtime.rb:22:in `call'
activesupport (5.1.6) lib/active_support/cache/strategy/local_cache_middleware.rb:27:in `call'
actionpack (5.1.6) lib/action_dispatch/middleware/executor.rb:12:in `call'
actionpack (5.1.6) lib/action_dispatch/middleware/static.rb:125:in `call'
rack (2.0.5) lib/rack/sendfile.rb:111:in `call'
railties (5.1.6) lib/rails/engine.rb:522:in `call'
puma (3.12.0) lib/puma/configuration.rb:225:in `call'
puma (3.12.0) lib/puma/server.rb:658:in `handle_request'
puma (3.12.0) lib/puma/server.rb:472:in `process_client'
puma (3.12.0) lib/puma/server.rb:332:in `block in run'
puma (3.12.0) lib/puma/thread_pool.rb:133:in `block in spawn_thread'
Started GET "/users/new" for 127.0.0.1 at 2018-07-13 12:09:47 -0700
Processing by UsersController#new as HTML
  Rendering users/new.html.erb within layouts/application
  Rendered users/new.html.erb within layouts/application (0.8ms)
Completed 200 OK in 744ms (Views: 646.2ms | ActiveRecord: 23.1ms)


Started POST "/users" for 127.0.0.1 at 2018-07-13 12:09:54 -0700
Processing by UsersController#create as HTML
  Parameters: {"authenticity_token"=>"+In1Hs142fgi9gnIP4hP3XnZ6uMW5fgH9QA1FqoCxKnK071TCj7LPU6lk1oHnTKjtngDGbXtJ5H5H9pp9tRBMA==", "user"=>{"username"=>"titi", "password"=>"[FILTERED]"}}
  [1m[35m (0.2ms)[0m  [1m[35mBEGIN[0m
  [1m[36mUser Exists (10.4ms)[0m  [1m[34mSELECT  1 AS one FROM "users" WHERE "users"."username" = $1 LIMIT $2[0m  [["username", "titi"], ["LIMIT", 1]]
  [1m[36mUser Exists (0.5ms)[0m  [1m[34mSELECT  1 AS one FROM "users" WHERE "users"."session_token" = $1 LIMIT $2[0m  [["session_token", "i29ip0L0u9ky0MDQy0AyvA"], ["LIMIT", 1]]
  [1m[35mSQL (13.2ms)[0m  [1m[32mINSERT INTO "users" ("username", "password_digest", "session_token", "created_at", "updated_at") VALUES ($1, $2, $3, $4, $5) RETURNING "id"[0m  [["username", "titi"], ["password_digest", "$2a$10$AsTDJKKxA16OSc/J1HKCV.VV1uNd69jIcWgVirOeXYDlngUfj7q.a"], ["session_token", "i29ip0L0u9ky0MDQy0AyvA"], ["created_at", "2018-07-13 19:09:54.179191"], ["updated_at", "2018-07-13 19:09:54.179191"]]
  [1m[35m (0.5ms)[0m  [1m[35mCOMMIT[0m
Completed 500 Internal Server Error in 242ms (ActiveRecord: 24.9ms)


  
NoMethodError (undefined method `login_user' for #<UsersController:0x00007faae0406fe0>
Did you mean?  logger):
  
app/controllers/users_controller.rb:11:in `create'
Started GET "/users/new" for 127.0.0.1 at 2018-07-13 15:37:24 -0700
  [1m[35m (2.0ms)[0m  [1m[34mSELECT "schema_migrations"."version" FROM "schema_migrations" ORDER BY "schema_migrations"."version" ASC[0m
Processing by UsersController#new as HTML
  Rendering users/new.html.erb within layouts/application
  Rendered users/new.html.erb within layouts/application (1.5ms)
Completed 200 OK in 374ms (Views: 334.7ms | ActiveRecord: 17.6ms)


Started POST "/users" for 127.0.0.1 at 2018-07-13 15:37:55 -0700
Processing by UsersController#create as HTML
  Parameters: {"authenticity_token"=>"LPrs0p/8fzMNmhgRSBw/ez6CG9Rv31L4YbpnCd+euVweoKSfWLpt9mHJgoNwCUIF8SPyLszXjW5tpYh2g0g8xQ==", "user"=>{"username"=>"ti2", "password"=>"[FILTERED]"}}
  [1m[35m (0.3ms)[0m  [1m[35mBEGIN[0m
  [1m[36mUser Exists (3.2ms)[0m  [1m[34mSELECT  1 AS one FROM "users" WHERE "users"."username" = $1 LIMIT $2[0m  [["username", "ti2"], ["LIMIT", 1]]
  [1m[36mUser Exists (0.6ms)[0m  [1m[34mSELECT  1 AS one FROM "users" WHERE "users"."session_token" = $1 LIMIT $2[0m  [["session_token", "L2iA7UuPguFru6FD-_yWpw"], ["LIMIT", 1]]
  [1m[35mSQL (1.1ms)[0m  [1m[32mINSERT INTO "users" ("username", "password_digest", "session_token", "created_at", "updated_at") VALUES ($1, $2, $3, $4, $5) RETURNING "id"[0m  [["username", "ti2"], ["password_digest", "$2a$10$8hjL.f1HD79zuI1YBk9kB.kiUMHWJOU1a9etChjnI8e96V32hwaDy"], ["session_token", "L2iA7UuPguFru6FD-_yWpw"], ["created_at", "2018-07-13 22:37:55.469192"], ["updated_at", "2018-07-13 22:37:55.469192"]]
  [1m[35m (34.3ms)[0m  [1m[35mCOMMIT[0m
  [1m[35m (0.2ms)[0m  [1m[35mBEGIN[0m
  [1m[36mUser Exists (0.8ms)[0m  [1m[34mSELECT  1 AS one FROM "users" WHERE "users"."username" = $1 AND ("users"."id" != $2) LIMIT $3[0m  [["username", "ti2"], ["id", 2], ["LIMIT", 1]]
  [1m[36mUser Exists (0.5ms)[0m  [1m[34mSELECT  1 AS one FROM "users" WHERE "users"."session_token" = $1 AND ("users"."id" != $2) LIMIT $3[0m  [["session_token", "FMrYb0JsNZOQ1TWBUHENpQ"], ["id", 2], ["LIMIT", 1]]
  [1m[35mSQL (0.7ms)[0m  [1m[33mUPDATE "users" SET "session_token" = $1, "updated_at" = $2 WHERE "users"."id" = $3[0m  [["session_token", "FMrYb0JsNZOQ1TWBUHENpQ"], ["updated_at", "2018-07-13 22:37:55.511188"], ["id", 2]]
  [1m[35m (0.5ms)[0m  [1m[35mCOMMIT[0m
Redirected to http://localhost:3000/users/2
Completed 302 Found in 227ms (ActiveRecord: 53.6ms)


Started GET "/users/2" for 127.0.0.1 at 2018-07-13 15:37:55 -0700
Processing by UsersController#show as HTML
  Parameters: {"id"=>"2"}
  [1m[36mUser Load (0.4ms)[0m  [1m[34mSELECT  "users".* FROM "users" WHERE "users"."id" = $1 LIMIT $2[0m  [["id", 2], ["LIMIT", 1]]
  Rendering users/show.html.erb within layouts/application
  Rendered users/show.html.erb within layouts/application (0.6ms)
Completed 200 OK in 114ms (Views: 90.6ms | ActiveRecord: 0.8ms)


Started GET "/users/2" for 127.0.0.1 at 2018-07-13 15:38:23 -0700
Processing by UsersController#show as HTML
  Parameters: {"id"=>"2"}
  [1m[36mUser Load (0.8ms)[0m  [1m[34mSELECT  "users".* FROM "users" WHERE "users"."id" = $1 LIMIT $2[0m  [["id", 2], ["LIMIT", 1]]
  Rendering users/show.html.erb within layouts/application
  Rendered users/show.html.erb within layouts/application (0.7ms)
Completed 200 OK in 135ms (Views: 129.8ms | ActiveRecord: 0.8ms)


Started GET "/session/new" for 127.0.0.1 at 2018-07-13 16:23:36 -0700
Processing by SessionsController#new as HTML
  Rendering sessions/new.html.erb within layouts/application
  Rendered sessions/new.html.erb within layouts/application (2.9ms)
Completed 200 OK in 86ms (Views: 82.4ms | ActiveRecord: 0.0ms)


Started POST "/session" for 127.0.0.1 at 2018-07-13 16:23:57 -0700
Processing by SessionsController#create as HTML
  Parameters: {"authenticity_token"=>"W4LVCAUfWUfkcFSxZM9Ggo17WrueTQcinGMqsW9kf0Np2J1FwllLgogjziNc2jv8QtqzQT1F2LSQfMXOM7L62g==", "user"=>{"username"=>"titi", "password"=>"[FILTERED]"}}
  [1m[36mUser Load (1.5ms)[0m  [1m[34mSELECT  "users".* FROM "users" WHERE "users"."username" = $1 LIMIT $2[0m  [["username", "titi"], ["LIMIT", 1]]
  [1m[35m (0.3ms)[0m  [1m[35mBEGIN[0m
  [1m[36mUser Exists (0.9ms)[0m  [1m[34mSELECT  1 AS one FROM "users" WHERE "users"."username" = $1 AND ("users"."id" != $2) LIMIT $3[0m  [["username", "titi"], ["id", 1], ["LIMIT", 1]]
  [1m[36mUser Exists (0.6ms)[0m  [1m[34mSELECT  1 AS one FROM "users" WHERE "users"."session_token" = $1 AND ("users"."id" != $2) LIMIT $3[0m  [["session_token", "IWi3gzJnipnbcvsvtndalw"], ["id", 1], ["LIMIT", 1]]
  [1m[35mSQL (0.9ms)[0m  [1m[33mUPDATE "users" SET "session_token" = $1, "updated_at" = $2 WHERE "users"."id" = $3[0m  [["session_token", "IWi3gzJnipnbcvsvtndalw"], ["updated_at", "2018-07-13 23:23:57.718288"], ["id", 1]]
  [1m[35m (0.7ms)[0m  [1m[35mCOMMIT[0m
Redirected to http://localhost:3000/users/1
Completed 302 Found in 115ms (ActiveRecord: 5.4ms)


Started GET "/users/1" for 127.0.0.1 at 2018-07-13 16:23:57 -0700
Processing by UsersController#show as HTML
  Parameters: {"id"=>"1"}
  [1m[36mUser Load (1.1ms)[0m  [1m[34mSELECT  "users".* FROM "users" WHERE "users"."id" = $1 LIMIT $2[0m  [["id", 1], ["LIMIT", 1]]
  Rendering users/show.html.erb within layouts/application
  Rendered users/show.html.erb within layouts/application (0.5ms)
Completed 200 OK in 23ms (Views: 18.9ms | ActiveRecord: 1.1ms)


Started GET "/session/new" for 127.0.0.1 at 2018-07-13 16:33:48 -0700
Processing by SessionsController#new as HTML
  Rendering sessions/new.html.erb within layouts/application
  Rendered sessions/new.html.erb within layouts/application (0.7ms)
Completed 200 OK in 133ms (Views: 132.7ms | ActiveRecord: 0.0ms)


Started POST "/session" for 127.0.0.1 at 2018-07-13 16:33:53 -0700
Processing by SessionsController#create as HTML
  Parameters: {"authenticity_token"=>"18ETcvxp4IKQw6QMsW8pbcvyYLHnKTZvxw/fdf3R/zvlm1s/Oy/yR/yQPp6JelQTBFOJS0Qh6fnLEDAKoQd6og==", "user"=>{"username"=>"ti", "password"=>"[FILTERED]"}}
  [1m[36mUser Load (0.7ms)[0m  [1m[34mSELECT  "users".* FROM "users" LIMIT $1[0m  [["LIMIT", 11]]
  [1m[36mUser Load (0.5ms)[0m  [1m[34mSELECT  "users".* FROM "users" WHERE "users"."username" = $1 LIMIT $2[0m  [["username", "ti"], ["LIMIT", 1]]
Redirected to http://localhost:3000/session/new
Completed 302 Found in 214675ms (ActiveRecord: 4.0ms)


Started GET "/session/new" for 127.0.0.1 at 2018-07-13 16:37:28 -0700
Processing by SessionsController#new as HTML
  Rendering sessions/new.html.erb within layouts/application
  Rendered sessions/new.html.erb within layouts/application (0.7ms)
Completed 200 OK in 80ms (Views: 79.5ms | ActiveRecord: 0.0ms)


Started POST "/session" for 127.0.0.1 at 2018-07-13 16:37:48 -0700
  [1m[35m (17.9ms)[0m  [1m[34mSELECT "schema_migrations"."version" FROM "schema_migrations" ORDER BY "schema_migrations"."version" ASC[0m
Processing by SessionsController#create as HTML
  Parameters: {"authenticity_token"=>"pGWZy49KunroJNiER34rqUIjgdsbIKX7VlOHp+eu0W2WP9GGSAyov4R3QhZ/a1bXjYJoIbgoem1aTGjYu3hU9A==", "user"=>{"username"=>"titi", "password"=>"[FILTERED]"}}
  [1m[36mUser Load (0.9ms)[0m  [1m[34mSELECT  "users".* FROM "users" WHERE "users"."username" = $1 LIMIT $2[0m  [["username", "titi"], ["LIMIT", 1]]
  [1m[35m (0.3ms)[0m  [1m[35mBEGIN[0m
  [1m[36mUser Exists (0.7ms)[0m  [1m[34mSELECT  1 AS one FROM "users" WHERE "users"."username" = $1 AND ("users"."id" != $2) LIMIT $3[0m  [["username", "titi"], ["id", 1], ["LIMIT", 1]]
  [1m[36mUser Exists (0.5ms)[0m  [1m[34mSELECT  1 AS one FROM "users" WHERE "users"."session_token" = $1 AND ("users"."id" != $2) LIMIT $3[0m  [["session_token", "RL2P4fN4FpNWDLC2d0HJMg"], ["id", 1], ["LIMIT", 1]]
  [1m[35mSQL (0.9ms)[0m  [1m[33mUPDATE "users" SET "session_token" = $1, "updated_at" = $2 WHERE "users"."id" = $3[0m  [["session_token", "RL2P4fN4FpNWDLC2d0HJMg"], ["updated_at", "2018-07-13 23:37:49.504794"], ["id", 1]]
  [1m[35m (0.6ms)[0m  [1m[35mCOMMIT[0m
Redirected to http://localhost:3000/users/1
Completed 302 Found in 158ms (ActiveRecord: 13.2ms)


Started GET "/users/1" for 127.0.0.1 at 2018-07-13 16:37:49 -0700
Processing by UsersController#show as HTML
  Parameters: {"id"=>"1"}
  [1m[36mUser Load (0.5ms)[0m  [1m[34mSELECT  "users".* FROM "users" WHERE "users"."id" = $1 LIMIT $2[0m  [["id", 1], ["LIMIT", 1]]
  Rendering users/show.html.erb within layouts/application
  Rendered users/show.html.erb within layouts/application (7.7ms)
Completed 200 OK in 352ms (Views: 349.3ms | ActiveRecord: 0.5ms)


  [1m[36mUser Load (1.1ms)[0m  [1m[34mSELECT  "users".* FROM "users" LIMIT $1[0m  [["LIMIT", 11]]
  [1m[36mUser Load (0.5ms)[0m  [1m[34mSELECT  "users".* FROM "users" WHERE "users"."username" = $1 LIMIT $2[0m  [["username", "titi"], ["LIMIT", 1]]
